{"C:\\Users\\brunn\\OneDrive\\Documentos\\N2-TestesSoft\\n2-testes-api\\src\\comments.js":{"path":"C:\\Users\\brunn\\OneDrive\\Documentos\\N2-TestesSoft\\n2-testes-api\\src\\comments.js","statementMap":{"0":{"start":{"line":3,"column":20},"end":{"line":3,"column":22}},"1":{"start":{"line":4,"column":23},"end":{"line":4,"column":24}},"2":{"start":{"line":8,"column":2},"end":{"line":10,"column":3}},"3":{"start":{"line":9,"column":4},"end":{"line":9,"column":61}},"4":{"start":{"line":12,"column":25},"end":{"line":18,"column":3}},"5":{"start":{"line":20,"column":2},"end":{"line":20,"column":35}},"6":{"start":{"line":21,"column":2},"end":{"line":21,"column":24}},"7":{"start":{"line":26,"column":2},"end":{"line":26,"column":42}},"8":{"start":{"line":26,"column":11},"end":{"line":26,"column":42}},"9":{"start":{"line":28,"column":16},"end":{"line":28,"column":55}},"10":{"start":{"line":28,"column":43},"end":{"line":28,"column":54}},"11":{"start":{"line":29,"column":2},"end":{"line":29,"column":65}},"12":{"start":{"line":29,"column":20},"end":{"line":29,"column":65}},"13":{"start":{"line":31,"column":2},"end":{"line":31,"column":31}},"14":{"start":{"line":32,"column":2},"end":{"line":32,"column":14}},"15":{"start":{"line":37,"column":2},"end":{"line":37,"column":43}},"16":{"start":{"line":42,"column":2},"end":{"line":42,"column":47}},"17":{"start":{"line":42,"column":11},"end":{"line":42,"column":47}},"18":{"start":{"line":44,"column":21},"end":{"line":44,"column":55}},"19":{"start":{"line":44,"column":43},"end":{"line":44,"column":54}},"20":{"start":{"line":45,"column":2},"end":{"line":45,"column":64}},"21":{"start":{"line":45,"column":19},"end":{"line":45,"column":64}},"22":{"start":{"line":47,"column":2},"end":{"line":47,"column":37}},"23":{"start":{"line":52,"column":2},"end":{"line":52,"column":55}},"24":{"start":{"line":52,"column":15},"end":{"line":52,"column":55}},"25":{"start":{"line":54,"column":20},"end":{"line":54,"column":64}},"26":{"start":{"line":54,"column":44},"end":{"line":54,"column":63}},"27":{"start":{"line":55,"column":2},"end":{"line":55,"column":36}},"28":{"start":{"line":60,"column":2},"end":{"line":60,"column":25}},"29":{"start":{"line":61,"column":2},"end":{"line":61,"column":23}},"30":{"start":{"line":66,"column":2},"end":{"line":66,"column":29}},"31":{"start":{"line":69,"column":0},"end":{"line":77,"column":2}}},"fnMap":{"0":{"name":"criarComentarioFake","decl":{"start":{"line":7,"column":9},"end":{"line":7,"column":28}},"loc":{"start":{"line":7,"column":36},"end":{"line":22,"column":1}},"line":7},"1":{"name":"apagarComentario","decl":{"start":{"line":25,"column":9},"end":{"line":25,"column":25}},"loc":{"start":{"line":25,"column":30},"end":{"line":33,"column":1}},"line":25},"2":{"name":"(anonymous_2)","decl":{"start":{"line":28,"column":38},"end":{"line":28,"column":39}},"loc":{"start":{"line":28,"column":43},"end":{"line":28,"column":54}},"line":28},"3":{"name":"listarComentarios","decl":{"start":{"line":36,"column":15},"end":{"line":36,"column":32}},"loc":{"start":{"line":36,"column":35},"end":{"line":38,"column":1}},"line":36},"4":{"name":"buscarComentarioPorId","decl":{"start":{"line":41,"column":15},"end":{"line":41,"column":36}},"loc":{"start":{"line":41,"column":41},"end":{"line":48,"column":1}},"line":41},"5":{"name":"(anonymous_5)","decl":{"start":{"line":44,"column":38},"end":{"line":44,"column":39}},"loc":{"start":{"line":44,"column":43},"end":{"line":44,"column":54}},"line":44},"6":{"name":"filtrarComentariosPorPostId","decl":{"start":{"line":51,"column":15},"end":{"line":51,"column":42}},"loc":{"start":{"line":51,"column":51},"end":{"line":56,"column":1}},"line":51},"7":{"name":"(anonymous_7)","decl":{"start":{"line":54,"column":39},"end":{"line":54,"column":40}},"loc":{"start":{"line":54,"column":44},"end":{"line":54,"column":63}},"line":54},"8":{"name":"resetComentarios","decl":{"start":{"line":59,"column":9},"end":{"line":59,"column":25}},"loc":{"start":{"line":59,"column":28},"end":{"line":62,"column":1}},"line":59},"9":{"name":"fetchComentariosFromApi","decl":{"start":{"line":65,"column":15},"end":{"line":65,"column":38}},"loc":{"start":{"line":65,"column":41},"end":{"line":67,"column":1}},"line":65}},"branchMap":{"0":{"loc":{"start":{"line":8,"column":2},"end":{"line":10,"column":3}},"type":"if","locations":[{"start":{"line":8,"column":2},"end":{"line":10,"column":3}},{"start":{},"end":{}}],"line":8},"1":{"loc":{"start":{"line":8,"column":6},"end":{"line":8,"column":43}},"type":"binary-expr","locations":[{"start":{"line":8,"column":6},"end":{"line":8,"column":12}},{"start":{"line":8,"column":16},"end":{"line":8,"column":27}},{"start":{"line":8,"column":31},"end":{"line":8,"column":43}}],"line":8},"2":{"loc":{"start":{"line":16,"column":12},"end":{"line":16,"column":29}},"type":"binary-expr","locations":[{"start":{"line":16,"column":12},"end":{"line":16,"column":24}},{"start":{"line":16,"column":28},"end":{"line":16,"column":29}}],"line":16},"3":{"loc":{"start":{"line":26,"column":2},"end":{"line":26,"column":42}},"type":"if","locations":[{"start":{"line":26,"column":2},"end":{"line":26,"column":42}},{"start":{},"end":{}}],"line":26},"4":{"loc":{"start":{"line":29,"column":2},"end":{"line":29,"column":65}},"type":"if","locations":[{"start":{"line":29,"column":2},"end":{"line":29,"column":65}},{"start":{},"end":{}}],"line":29},"5":{"loc":{"start":{"line":42,"column":2},"end":{"line":42,"column":47}},"type":"if","locations":[{"start":{"line":42,"column":2},"end":{"line":42,"column":47}},{"start":{},"end":{}}],"line":42},"6":{"loc":{"start":{"line":45,"column":2},"end":{"line":45,"column":64}},"type":"if","locations":[{"start":{"line":45,"column":2},"end":{"line":45,"column":64}},{"start":{},"end":{}}],"line":45},"7":{"loc":{"start":{"line":52,"column":2},"end":{"line":52,"column":55}},"type":"if","locations":[{"start":{"line":52,"column":2},"end":{"line":52,"column":55}},{"start":{},"end":{}}],"line":52}},"s":{"0":1,"1":1,"2":5,"3":2,"4":3,"5":3,"6":3,"7":2,"8":1,"9":1,"10":1,"11":1,"12":0,"13":1,"14":1,"15":0,"16":1,"17":1,"18":0,"19":0,"20":0,"21":0,"22":0,"23":1,"24":1,"25":0,"26":0,"27":0,"28":15,"29":15,"30":0,"31":1},"f":{"0":5,"1":2,"2":1,"3":0,"4":1,"5":0,"6":1,"7":0,"8":15,"9":0},"b":{"0":[2,3],"1":[5,4,3],"2":[3,3],"3":[1,1],"4":[0,1],"5":[1,0],"6":[0,0],"7":[1,0]},"_coverageSchema":"1a1c01bbd47fc00a2c39e90264f33305004495a9","hash":"2ee2f26ca1220ba6b6a3bc142f154203b4d16c1a","contentHash":"7788e91286ed1063517e5c8fc315910e25cd86addeb14f9061191de81fe6e409"},"C:\\Users\\brunn\\OneDrive\\Documentos\\N2-TestesSoft\\n2-testes-api\\src\\gallery.js":{"path":"C:\\Users\\brunn\\OneDrive\\Documentos\\N2-TestesSoft\\n2-testes-api\\src\\gallery.js","statementMap":{"0":{"start":{"line":1,"column":15},"end":{"line":1,"column":17}},"1":{"start":{"line":2,"column":18},"end":{"line":2,"column":19}},"2":{"start":{"line":6,"column":2},"end":{"line":8,"column":3}},"3":{"start":{"line":7,"column":4},"end":{"line":7,"column":47}},"4":{"start":{"line":10,"column":19},"end":{"line":18,"column":3}},"5":{"start":{"line":20,"column":2},"end":{"line":20,"column":24}},"6":{"start":{"line":21,"column":2},"end":{"line":21,"column":18}},"7":{"start":{"line":26,"column":2},"end":{"line":26,"column":39}},"8":{"start":{"line":26,"column":26},"end":{"line":26,"column":37}},"9":{"start":{"line":31,"column":2},"end":{"line":31,"column":51}},"10":{"start":{"line":31,"column":28},"end":{"line":31,"column":49}},"11":{"start":{"line":36,"column":2},"end":{"line":40,"column":4}},"12":{"start":{"line":37,"column":4},"end":{"line":39,"column":26}},"13":{"start":{"line":45,"column":16},"end":{"line":45,"column":55}},"14":{"start":{"line":45,"column":38},"end":{"line":45,"column":54}},"15":{"start":{"line":46,"column":2},"end":{"line":46,"column":59}},"16":{"start":{"line":46,"column":20},"end":{"line":46,"column":59}},"17":{"start":{"line":47,"column":2},"end":{"line":47,"column":26}},"18":{"start":{"line":52,"column":16},"end":{"line":52,"column":37}},"19":{"start":{"line":53,"column":2},"end":{"line":53,"column":53}},"20":{"start":{"line":53,"column":14},"end":{"line":53,"column":53}},"21":{"start":{"line":56,"column":2},"end":{"line":58,"column":3}},"22":{"start":{"line":57,"column":4},"end":{"line":57,"column":29}},"23":{"start":{"line":59,"column":2},"end":{"line":59,"column":15}},"24":{"start":{"line":64,"column":16},"end":{"line":64,"column":37}},"25":{"start":{"line":65,"column":2},"end":{"line":65,"column":53}},"26":{"start":{"line":65,"column":14},"end":{"line":65,"column":53}},"27":{"start":{"line":67,"column":2},"end":{"line":67,"column":66}},"28":{"start":{"line":67,"column":46},"end":{"line":67,"column":64}},"29":{"start":{"line":68,"column":2},"end":{"line":68,"column":15}},"30":{"start":{"line":73,"column":2},"end":{"line":73,"column":20}},"31":{"start":{"line":74,"column":2},"end":{"line":74,"column":18}},"32":{"start":{"line":82,"column":4},"end":{"line":82,"column":31}},"33":{"start":{"line":85,"column":0},"end":{"line":95,"column":2}}},"fnMap":{"0":{"name":"uploadPhoto","decl":{"start":{"line":5,"column":9},"end":{"line":5,"column":20}},"loc":{"start":{"line":5,"column":32},"end":{"line":22,"column":1}},"line":5},"1":{"name":"getPhotoById","decl":{"start":{"line":25,"column":9},"end":{"line":25,"column":21}},"loc":{"start":{"line":25,"column":26},"end":{"line":27,"column":1}},"line":25},"2":{"name":"(anonymous_2)","decl":{"start":{"line":26,"column":21},"end":{"line":26,"column":22}},"loc":{"start":{"line":26,"column":26},"end":{"line":26,"column":37}},"line":26},"3":{"name":"getPhotosByUser","decl":{"start":{"line":30,"column":9},"end":{"line":30,"column":24}},"loc":{"start":{"line":30,"column":33},"end":{"line":32,"column":1}},"line":30},"4":{"name":"(anonymous_4)","decl":{"start":{"line":31,"column":23},"end":{"line":31,"column":24}},"loc":{"start":{"line":31,"column":28},"end":{"line":31,"column":49}},"line":31},"5":{"name":"getPhotosByRangeDate","decl":{"start":{"line":35,"column":9},"end":{"line":35,"column":29}},"loc":{"start":{"line":35,"column":58},"end":{"line":41,"column":1}},"line":35},"6":{"name":"(anonymous_6)","decl":{"start":{"line":36,"column":23},"end":{"line":36,"column":24}},"loc":{"start":{"line":37,"column":4},"end":{"line":39,"column":26}},"line":37},"7":{"name":"deletePhoto","decl":{"start":{"line":44,"column":9},"end":{"line":44,"column":20}},"loc":{"start":{"line":44,"column":30},"end":{"line":48,"column":1}},"line":44},"8":{"name":"(anonymous_8)","decl":{"start":{"line":45,"column":33},"end":{"line":45,"column":34}},"loc":{"start":{"line":45,"column":38},"end":{"line":45,"column":54}},"line":45},"9":{"name":"likePhoto","decl":{"start":{"line":51,"column":9},"end":{"line":51,"column":18}},"loc":{"start":{"line":51,"column":36},"end":{"line":60,"column":1}},"line":51},"10":{"name":"unlikePhoto","decl":{"start":{"line":63,"column":9},"end":{"line":63,"column":20}},"loc":{"start":{"line":63,"column":38},"end":{"line":69,"column":1}},"line":63},"11":{"name":"(anonymous_11)","decl":{"start":{"line":67,"column":35},"end":{"line":67,"column":36}},"loc":{"start":{"line":67,"column":46},"end":{"line":67,"column":64}},"line":67},"12":{"name":"resetPhotos","decl":{"start":{"line":72,"column":9},"end":{"line":72,"column":20}},"loc":{"start":{"line":72,"column":23},"end":{"line":75,"column":1}},"line":72},"13":{"name":"fetchPhotosFromApi","decl":{"start":{"line":79,"column":15},"end":{"line":79,"column":33}},"loc":{"start":{"line":79,"column":36},"end":{"line":83,"column":1}},"line":79}},"branchMap":{"0":{"loc":{"start":{"line":6,"column":2},"end":{"line":8,"column":3}},"type":"if","locations":[{"start":{"line":6,"column":2},"end":{"line":8,"column":3}},{"start":{},"end":{}}],"line":6},"1":{"loc":{"start":{"line":6,"column":6},"end":{"line":6,"column":88}},"type":"binary-expr","locations":[{"start":{"line":6,"column":6},"end":{"line":6,"column":16}},{"start":{"line":6,"column":20},"end":{"line":6,"column":39}},{"start":{"line":6,"column":43},"end":{"line":6,"column":65}},{"start":{"line":6,"column":69},"end":{"line":6,"column":88}}],"line":6},"2":{"loc":{"start":{"line":37,"column":4},"end":{"line":39,"column":26}},"type":"binary-expr","locations":[{"start":{"line":37,"column":4},"end":{"line":37,"column":25}},{"start":{"line":38,"column":4},"end":{"line":38,"column":28}},{"start":{"line":39,"column":4},"end":{"line":39,"column":26}}],"line":37},"3":{"loc":{"start":{"line":46,"column":2},"end":{"line":46,"column":59}},"type":"if","locations":[{"start":{"line":46,"column":2},"end":{"line":46,"column":59}},{"start":{},"end":{}}],"line":46},"4":{"loc":{"start":{"line":53,"column":2},"end":{"line":53,"column":53}},"type":"if","locations":[{"start":{"line":53,"column":2},"end":{"line":53,"column":53}},{"start":{},"end":{}}],"line":53},"5":{"loc":{"start":{"line":56,"column":2},"end":{"line":58,"column":3}},"type":"if","locations":[{"start":{"line":56,"column":2},"end":{"line":58,"column":3}},{"start":{},"end":{}}],"line":56},"6":{"loc":{"start":{"line":65,"column":2},"end":{"line":65,"column":53}},"type":"if","locations":[{"start":{"line":65,"column":2},"end":{"line":65,"column":53}},{"start":{},"end":{}}],"line":65}},"s":{"0":1,"1":1,"2":17,"3":1,"4":16,"5":16,"6":16,"7":13,"8":12,"9":2,"10":2,"11":2,"12":2,"13":3,"14":2,"15":3,"16":1,"17":2,"18":6,"19":6,"20":1,"21":5,"22":4,"23":5,"24":2,"25":2,"26":0,"27":2,"28":1,"29":2,"30":23,"31":23,"32":0,"33":1},"f":{"0":17,"1":13,"2":12,"3":2,"4":2,"5":2,"6":2,"7":3,"8":2,"9":6,"10":2,"11":1,"12":23,"13":0},"b":{"0":[1,16],"1":[17,17,16,16],"2":[2,2,1],"3":[1,2],"4":[1,5],"5":[4,1],"6":[0,2]},"_coverageSchema":"1a1c01bbd47fc00a2c39e90264f33305004495a9","hash":"e81269c17fddb83140100592c5cafb222ed35d09","contentHash":"df68b65b29e27f0a05b640e59662de1ae349342e3b44da0d4476b04d68c650b4"},"C:\\Users\\brunn\\OneDrive\\Documentos\\N2-TestesSoft\\n2-testes-api\\src\\user.js":{"path":"C:\\Users\\brunn\\OneDrive\\Documentos\\N2-TestesSoft\\n2-testes-api\\src\\user.js","statementMap":{"0":{"start":{"line":1,"column":14},"end":{"line":1,"column":16}},"1":{"start":{"line":5,"column":2},"end":{"line":5,"column":111}},"2":{"start":{"line":5,"column":76},"end":{"line":5,"column":111}},"3":{"start":{"line":7,"column":2},"end":{"line":7,"column":67}},"4":{"start":{"line":7,"column":33},"end":{"line":7,"column":67}},"5":{"start":{"line":9,"column":2},"end":{"line":9,"column":82}},"6":{"start":{"line":9,"column":22},"end":{"line":9,"column":38}},"7":{"start":{"line":9,"column":41},"end":{"line":9,"column":82}},"8":{"start":{"line":10,"column":2},"end":{"line":10,"column":135}},"9":{"start":{"line":10,"column":22},"end":{"line":10,"column":78}},"10":{"start":{"line":10,"column":81},"end":{"line":10,"column":135}},"11":{"start":{"line":11,"column":2},"end":{"line":11,"column":119}},"12":{"start":{"line":11,"column":22},"end":{"line":11,"column":72}},"13":{"start":{"line":11,"column":75},"end":{"line":11,"column":119}},"14":{"start":{"line":13,"column":2},"end":{"line":13,"column":50}},"15":{"start":{"line":17,"column":16},"end":{"line":17,"column":84}},"16":{"start":{"line":17,"column":32},"end":{"line":17,"column":83}},"17":{"start":{"line":18,"column":2},"end":{"line":18,"column":54}},"18":{"start":{"line":18,"column":12},"end":{"line":18,"column":54}},"19":{"start":{"line":19,"column":2},"end":{"line":19,"column":67}},"20":{"start":{"line":19,"column":33},"end":{"line":19,"column":67}},"21":{"start":{"line":20,"column":2},"end":{"line":20,"column":48}},"22":{"start":{"line":24,"column":2},"end":{"line":24,"column":20}},"23":{"start":{"line":28,"column":2},"end":{"line":28,"column":38}},"24":{"start":{"line":28,"column":25},"end":{"line":28,"column":36}},"25":{"start":{"line":32,"column":19},"end":{"line":34,"column":87}},"26":{"start":{"line":33,"column":33},"end":{"line":33,"column":82}},"27":{"start":{"line":34,"column":67},"end":{"line":34,"column":86}},"28":{"start":{"line":36,"column":2},"end":{"line":36,"column":19}},"29":{"start":{"line":40,"column":16},"end":{"line":40,"column":44}},"30":{"start":{"line":40,"column":32},"end":{"line":40,"column":43}},"31":{"start":{"line":41,"column":2},"end":{"line":41,"column":54}},"32":{"start":{"line":41,"column":12},"end":{"line":41,"column":54}},"33":{"start":{"line":43,"column":2},"end":{"line":43,"column":97}},"34":{"start":{"line":43,"column":42},"end":{"line":43,"column":97}},"35":{"start":{"line":45,"column":24},"end":{"line":45,"column":56}},"36":{"start":{"line":46,"column":2},"end":{"line":46,"column":72}},"37":{"start":{"line":46,"column":38},"end":{"line":46,"column":72}},"38":{"start":{"line":48,"column":2},"end":{"line":52,"column":3}},"39":{"start":{"line":49,"column":23},"end":{"line":49,"column":90}},"40":{"start":{"line":49,"column":39},"end":{"line":49,"column":89}},"41":{"start":{"line":50,"column":4},"end":{"line":51,"column":60}},"42":{"start":{"line":51,"column":6},"end":{"line":51,"column":60}},"43":{"start":{"line":53,"column":2},"end":{"line":53,"column":24}},"44":{"start":{"line":57,"column":16},"end":{"line":57,"column":49}},"45":{"start":{"line":57,"column":37},"end":{"line":57,"column":48}},"46":{"start":{"line":58,"column":2},"end":{"line":58,"column":62}},"47":{"start":{"line":58,"column":20},"end":{"line":58,"column":62}},"48":{"start":{"line":59,"column":2},"end":{"line":59,"column":25}},"49":{"start":{"line":63,"column":2},"end":{"line":63,"column":19}},"50":{"start":{"line":66,"column":0},"end":{"line":75,"column":2}}},"fnMap":{"0":{"name":"createUser","decl":{"start":{"line":4,"column":9},"end":{"line":4,"column":19}},"loc":{"start":{"line":4,"column":25},"end":{"line":14,"column":1}},"line":4},"1":{"name":"(anonymous_1)","decl":{"start":{"line":9,"column":17},"end":{"line":9,"column":18}},"loc":{"start":{"line":9,"column":22},"end":{"line":9,"column":38}},"line":9},"2":{"name":"(anonymous_2)","decl":{"start":{"line":10,"column":17},"end":{"line":10,"column":18}},"loc":{"start":{"line":10,"column":22},"end":{"line":10,"column":78}},"line":10},"3":{"name":"(anonymous_3)","decl":{"start":{"line":11,"column":17},"end":{"line":11,"column":18}},"loc":{"start":{"line":11,"column":22},"end":{"line":11,"column":72}},"line":11},"4":{"name":"logInUser","decl":{"start":{"line":16,"column":9},"end":{"line":16,"column":18}},"loc":{"start":{"line":16,"column":38},"end":{"line":21,"column":1}},"line":16},"5":{"name":"(anonymous_5)","decl":{"start":{"line":17,"column":27},"end":{"line":17,"column":28}},"loc":{"start":{"line":17,"column":32},"end":{"line":17,"column":83}},"line":17},"6":{"name":"getAllUsers","decl":{"start":{"line":23,"column":9},"end":{"line":23,"column":20}},"loc":{"start":{"line":23,"column":22},"end":{"line":25,"column":1}},"line":23},"7":{"name":"getUserById","decl":{"start":{"line":27,"column":9},"end":{"line":27,"column":20}},"loc":{"start":{"line":27,"column":24},"end":{"line":29,"column":1}},"line":27},"8":{"name":"(anonymous_8)","decl":{"start":{"line":28,"column":20},"end":{"line":28,"column":21}},"loc":{"start":{"line":28,"column":25},"end":{"line":28,"column":36}},"line":28},"9":{"name":"getUsersByName","decl":{"start":{"line":31,"column":9},"end":{"line":31,"column":23}},"loc":{"start":{"line":31,"column":29},"end":{"line":37,"column":1}},"line":31},"10":{"name":"(anonymous_10)","decl":{"start":{"line":33,"column":28},"end":{"line":33,"column":29}},"loc":{"start":{"line":33,"column":33},"end":{"line":33,"column":82}},"line":33},"11":{"name":"(anonymous_11)","decl":{"start":{"line":34,"column":25},"end":{"line":34,"column":26}},"loc":{"start":{"line":34,"column":67},"end":{"line":34,"column":86}},"line":34},"12":{"name":"updateUser","decl":{"start":{"line":39,"column":9},"end":{"line":39,"column":19}},"loc":{"start":{"line":39,"column":39},"end":{"line":54,"column":1}},"line":39},"13":{"name":"(anonymous_13)","decl":{"start":{"line":40,"column":27},"end":{"line":40,"column":28}},"loc":{"start":{"line":40,"column":32},"end":{"line":40,"column":43}},"line":40},"14":{"name":"(anonymous_14)","decl":{"start":{"line":49,"column":34},"end":{"line":49,"column":35}},"loc":{"start":{"line":49,"column":39},"end":{"line":49,"column":89}},"line":49},"15":{"name":"deleteUser","decl":{"start":{"line":56,"column":9},"end":{"line":56,"column":19}},"loc":{"start":{"line":56,"column":23},"end":{"line":60,"column":1}},"line":56},"16":{"name":"(anonymous_16)","decl":{"start":{"line":57,"column":32},"end":{"line":57,"column":33}},"loc":{"start":{"line":57,"column":37},"end":{"line":57,"column":48}},"line":57},"17":{"name":"resetUsers","decl":{"start":{"line":62,"column":9},"end":{"line":62,"column":19}},"loc":{"start":{"line":62,"column":22},"end":{"line":64,"column":1}},"line":62}},"branchMap":{"0":{"loc":{"start":{"line":5,"column":2},"end":{"line":5,"column":111}},"type":"if","locations":[{"start":{"line":5,"column":2},"end":{"line":5,"column":111}},{"start":{},"end":{}}],"line":5},"1":{"loc":{"start":{"line":5,"column":6},"end":{"line":5,"column":74}},"type":"binary-expr","locations":[{"start":{"line":5,"column":6},"end":{"line":5,"column":11}},{"start":{"line":5,"column":15},"end":{"line":5,"column":23}},{"start":{"line":5,"column":27},"end":{"line":5,"column":41}},{"start":{"line":5,"column":45},"end":{"line":5,"column":59}},{"start":{"line":5,"column":63},"end":{"line":5,"column":74}}],"line":5},"2":{"loc":{"start":{"line":7,"column":2},"end":{"line":7,"column":67}},"type":"if","locations":[{"start":{"line":7,"column":2},"end":{"line":7,"column":67}},{"start":{},"end":{}}],"line":7},"3":{"loc":{"start":{"line":9,"column":2},"end":{"line":9,"column":82}},"type":"if","locations":[{"start":{"line":9,"column":2},"end":{"line":9,"column":82}},{"start":{},"end":{}}],"line":9},"4":{"loc":{"start":{"line":10,"column":2},"end":{"line":10,"column":135}},"type":"if","locations":[{"start":{"line":10,"column":2},"end":{"line":10,"column":135}},{"start":{},"end":{}}],"line":10},"5":{"loc":{"start":{"line":11,"column":2},"end":{"line":11,"column":119}},"type":"if","locations":[{"start":{"line":11,"column":2},"end":{"line":11,"column":119}},{"start":{},"end":{}}],"line":11},"6":{"loc":{"start":{"line":18,"column":2},"end":{"line":18,"column":54}},"type":"if","locations":[{"start":{"line":18,"column":2},"end":{"line":18,"column":54}},{"start":{},"end":{}}],"line":18},"7":{"loc":{"start":{"line":19,"column":2},"end":{"line":19,"column":67}},"type":"if","locations":[{"start":{"line":19,"column":2},"end":{"line":19,"column":67}},{"start":{},"end":{}}],"line":19},"8":{"loc":{"start":{"line":41,"column":2},"end":{"line":41,"column":54}},"type":"if","locations":[{"start":{"line":41,"column":2},"end":{"line":41,"column":54}},{"start":{},"end":{}}],"line":41},"9":{"loc":{"start":{"line":43,"column":2},"end":{"line":43,"column":97}},"type":"if","locations":[{"start":{"line":43,"column":2},"end":{"line":43,"column":97}},{"start":{},"end":{}}],"line":43},"10":{"loc":{"start":{"line":43,"column":5},"end":{"line":43,"column":40}},"type":"binary-expr","locations":[{"start":{"line":43,"column":5},"end":{"line":43,"column":19}},{"start":{"line":43,"column":23},"end":{"line":43,"column":40}}],"line":43},"11":{"loc":{"start":{"line":46,"column":2},"end":{"line":46,"column":72}},"type":"if","locations":[{"start":{"line":46,"column":2},"end":{"line":46,"column":72}},{"start":{},"end":{}}],"line":46},"12":{"loc":{"start":{"line":48,"column":2},"end":{"line":52,"column":3}},"type":"if","locations":[{"start":{"line":48,"column":2},"end":{"line":52,"column":3}},{"start":{},"end":{}}],"line":48},"13":{"loc":{"start":{"line":50,"column":4},"end":{"line":51,"column":60}},"type":"if","locations":[{"start":{"line":50,"column":4},"end":{"line":51,"column":60}},{"start":{},"end":{}}],"line":50},"14":{"loc":{"start":{"line":50,"column":8},"end":{"line":50,"column":42}},"type":"binary-expr","locations":[{"start":{"line":50,"column":8},"end":{"line":50,"column":18}},{"start":{"line":50,"column":22},"end":{"line":50,"column":42}}],"line":50},"15":{"loc":{"start":{"line":58,"column":2},"end":{"line":58,"column":62}},"type":"if","locations":[{"start":{"line":58,"column":2},"end":{"line":58,"column":62}},{"start":{},"end":{}}],"line":58}},"s":{"0":1,"1":29,"2":5,"3":24,"4":1,"5":23,"6":10,"7":1,"8":22,"9":9,"10":1,"11":21,"12":8,"13":1,"14":20,"15":3,"16":2,"17":3,"18":1,"19":2,"20":1,"21":1,"22":5,"23":5,"24":4,"25":2,"26":3,"27":2,"28":2,"29":7,"30":6,"31":7,"32":1,"33":6,"34":2,"35":4,"36":4,"37":1,"38":3,"39":2,"40":3,"41":2,"42":1,"43":2,"44":2,"45":1,"46":2,"47":1,"48":1,"49":62,"50":1},"f":{"0":29,"1":10,"2":9,"3":8,"4":3,"5":2,"6":5,"7":5,"8":4,"9":2,"10":3,"11":2,"12":7,"13":6,"14":3,"15":2,"16":1,"17":62},"b":{"0":[5,24],"1":[29,29,27,26,25],"2":[1,23],"3":[1,22],"4":[1,21],"5":[1,20],"6":[1,2],"7":[1,1],"8":[1,6],"9":[2,4],"10":[6,5],"11":[1,3],"12":[2,1],"13":[1,1],"14":[2,2],"15":[1,1]},"_coverageSchema":"1a1c01bbd47fc00a2c39e90264f33305004495a9","hash":"b1d30cdf6af70d1460c261b7e88387f5de889a2a","contentHash":"9493f0c51a25668bf680cc78cc4c83b05e210a5f97645bb6e164f798ae7387f0"}}