{"/home/brunocosta/Documents/3Semestre/TesteSoftware/n2-testes-api/src/comments.js":{"path":"/home/brunocosta/Documents/3Semestre/TesteSoftware/n2-testes-api/src/comments.js","statementMap":{"0":{"start":{"line":3,"column":24},"end":{"line":3,"column":41}},"1":{"start":{"line":4,"column":25},"end":{"line":4,"column":45}},"2":{"start":{"line":6,"column":20},"end":{"line":6,"column":22}},"3":{"start":{"line":7,"column":26},"end":{"line":7,"column":27}},"4":{"start":{"line":11,"column":2},"end":{"line":13,"column":3}},"5":{"start":{"line":12,"column":4},"end":{"line":12,"column":75}},"6":{"start":{"line":15,"column":18},"end":{"line":15,"column":54}},"7":{"start":{"line":16,"column":2},"end":{"line":16,"column":67}},"8":{"start":{"line":16,"column":16},"end":{"line":16,"column":67}},"9":{"start":{"line":18,"column":15},"end":{"line":18,"column":36}},"10":{"start":{"line":19,"column":2},"end":{"line":19,"column":53}},"11":{"start":{"line":19,"column":13},"end":{"line":19,"column":53}},"12":{"start":{"line":21,"column":25},"end":{"line":27,"column":3}},"13":{"start":{"line":29,"column":2},"end":{"line":29,"column":37}},"14":{"start":{"line":30,"column":2},"end":{"line":30,"column":35}},"15":{"start":{"line":32,"column":2},"end":{"line":32,"column":42}},"16":{"start":{"line":39,"column":15},"end":{"line":39,"column":36}},"17":{"start":{"line":40,"column":2},"end":{"line":40,"column":53}},"18":{"start":{"line":40,"column":13},"end":{"line":40,"column":53}},"19":{"start":{"line":41,"column":2},"end":{"line":41,"column":23}},"20":{"start":{"line":48,"column":15},"end":{"line":48,"column":36}},"21":{"start":{"line":49,"column":2},"end":{"line":49,"column":53}},"22":{"start":{"line":49,"column":13},"end":{"line":49,"column":53}},"23":{"start":{"line":51,"column":16},"end":{"line":51,"column":67}},"24":{"start":{"line":51,"column":45},"end":{"line":51,"column":66}},"25":{"start":{"line":52,"column":2},"end":{"line":52,"column":66}},"26":{"start":{"line":52,"column":20},"end":{"line":52,"column":66}},"27":{"start":{"line":54,"column":2},"end":{"line":54,"column":33}},"28":{"start":{"line":55,"column":2},"end":{"line":55,"column":44}},"29":{"start":{"line":59,"column":2},"end":{"line":59,"column":25}},"30":{"start":{"line":60,"column":2},"end":{"line":60,"column":26}},"31":{"start":{"line":63,"column":0},"end":{"line":68,"column":2}}},"fnMap":{"0":{"name":"criarComentario","decl":{"start":{"line":10,"column":9},"end":{"line":10,"column":24}},"loc":{"start":{"line":10,"column":51},"end":{"line":33,"column":1}},"line":10},"1":{"name":"listarComentariosPorFoto","decl":{"start":{"line":38,"column":9},"end":{"line":38,"column":33}},"loc":{"start":{"line":38,"column":43},"end":{"line":42,"column":1}},"line":38},"2":{"name":"deletarComentario","decl":{"start":{"line":47,"column":9},"end":{"line":47,"column":26}},"loc":{"start":{"line":47,"column":50},"end":{"line":56,"column":1}},"line":47},"3":{"name":"(anonymous_3)","decl":{"start":{"line":51,"column":40},"end":{"line":51,"column":41}},"loc":{"start":{"line":51,"column":45},"end":{"line":51,"column":66}},"line":51},"4":{"name":"resetarComentarios","decl":{"start":{"line":58,"column":9},"end":{"line":58,"column":27}},"loc":{"start":{"line":58,"column":30},"end":{"line":61,"column":1}},"line":58}},"branchMap":{"0":{"loc":{"start":{"line":11,"column":2},"end":{"line":13,"column":3}},"type":"if","locations":[{"start":{"line":11,"column":2},"end":{"line":13,"column":3}},{"start":{},"end":{}}],"line":11},"1":{"loc":{"start":{"line":11,"column":6},"end":{"line":11,"column":91}},"type":"binary-expr","locations":[{"start":{"line":11,"column":6},"end":{"line":11,"column":14}},{"start":{"line":11,"column":18},"end":{"line":11,"column":34}},{"start":{"line":11,"column":38},"end":{"line":11,"column":63}},{"start":{"line":11,"column":67},"end":{"line":11,"column":91}}],"line":11},"2":{"loc":{"start":{"line":16,"column":2},"end":{"line":16,"column":67}},"type":"if","locations":[{"start":{"line":16,"column":2},"end":{"line":16,"column":67}},{"start":{},"end":{}}],"line":16},"3":{"loc":{"start":{"line":19,"column":2},"end":{"line":19,"column":53}},"type":"if","locations":[{"start":{"line":19,"column":2},"end":{"line":19,"column":53}},{"start":{},"end":{}}],"line":19},"4":{"loc":{"start":{"line":40,"column":2},"end":{"line":40,"column":53}},"type":"if","locations":[{"start":{"line":40,"column":2},"end":{"line":40,"column":53}},{"start":{},"end":{}}],"line":40},"5":{"loc":{"start":{"line":49,"column":2},"end":{"line":49,"column":53}},"type":"if","locations":[{"start":{"line":49,"column":2},"end":{"line":49,"column":53}},{"start":{},"end":{}}],"line":49},"6":{"loc":{"start":{"line":52,"column":2},"end":{"line":52,"column":66}},"type":"if","locations":[{"start":{"line":52,"column":2},"end":{"line":52,"column":66}},{"start":{},"end":{}}],"line":52}},"s":{"0":1,"1":1,"2":1,"3":1,"4":8,"5":1,"6":7,"7":7,"8":1,"9":6,"10":6,"11":1,"12":5,"13":5,"14":5,"15":5,"16":2,"17":2,"18":1,"19":1,"20":2,"21":2,"22":0,"23":2,"24":1,"25":2,"26":1,"27":1,"28":1,"29":9,"30":9,"31":1},"f":{"0":8,"1":2,"2":2,"3":1,"4":9},"b":{"0":[1,7],"1":[8,7,7,7],"2":[1,6],"3":[1,5],"4":[1,1],"5":[0,2],"6":[1,1]},"_coverageSchema":"1a1c01bbd47fc00a2c39e90264f33305004495a9","hash":"855addef835fc2c1c5f49cefe0c369eeec1f71f5","contentHash":"1588c48295291f478f2f24112d70cfafc888e10ec095f30f0fe196c69856960b"},"/home/brunocosta/Documents/3Semestre/TesteSoftware/n2-testes-api/src/user.js":{"path":"/home/brunocosta/Documents/3Semestre/TesteSoftware/n2-testes-api/src/user.js","statementMap":{"0":{"start":{"line":1,"column":14},"end":{"line":1,"column":16}},"1":{"start":{"line":5,"column":2},"end":{"line":5,"column":111}},"2":{"start":{"line":5,"column":76},"end":{"line":5,"column":111}},"3":{"start":{"line":7,"column":2},"end":{"line":7,"column":67}},"4":{"start":{"line":7,"column":33},"end":{"line":7,"column":67}},"5":{"start":{"line":9,"column":2},"end":{"line":9,"column":82}},"6":{"start":{"line":9,"column":22},"end":{"line":9,"column":38}},"7":{"start":{"line":9,"column":41},"end":{"line":9,"column":82}},"8":{"start":{"line":10,"column":2},"end":{"line":10,"column":135}},"9":{"start":{"line":10,"column":22},"end":{"line":10,"column":78}},"10":{"start":{"line":10,"column":81},"end":{"line":10,"column":135}},"11":{"start":{"line":11,"column":2},"end":{"line":11,"column":119}},"12":{"start":{"line":11,"column":22},"end":{"line":11,"column":72}},"13":{"start":{"line":11,"column":75},"end":{"line":11,"column":119}},"14":{"start":{"line":13,"column":2},"end":{"line":13,"column":50}},"15":{"start":{"line":17,"column":16},"end":{"line":17,"column":84}},"16":{"start":{"line":17,"column":32},"end":{"line":17,"column":83}},"17":{"start":{"line":18,"column":2},"end":{"line":18,"column":54}},"18":{"start":{"line":18,"column":12},"end":{"line":18,"column":54}},"19":{"start":{"line":19,"column":2},"end":{"line":19,"column":67}},"20":{"start":{"line":19,"column":33},"end":{"line":19,"column":67}},"21":{"start":{"line":20,"column":2},"end":{"line":20,"column":48}},"22":{"start":{"line":24,"column":2},"end":{"line":24,"column":20}},"23":{"start":{"line":28,"column":2},"end":{"line":28,"column":38}},"24":{"start":{"line":28,"column":25},"end":{"line":28,"column":36}},"25":{"start":{"line":32,"column":20},"end":{"line":34,"column":87}},"26":{"start":{"line":33,"column":33},"end":{"line":33,"column":82}},"27":{"start":{"line":34,"column":67},"end":{"line":34,"column":86}},"28":{"start":{"line":36,"column":2},"end":{"line":36,"column":19}},"29":{"start":{"line":40,"column":16},"end":{"line":40,"column":44}},"30":{"start":{"line":40,"column":32},"end":{"line":40,"column":43}},"31":{"start":{"line":41,"column":2},"end":{"line":41,"column":54}},"32":{"start":{"line":41,"column":12},"end":{"line":41,"column":54}},"33":{"start":{"line":43,"column":2},"end":{"line":43,"column":97}},"34":{"start":{"line":43,"column":42},"end":{"line":43,"column":97}},"35":{"start":{"line":45,"column":24},"end":{"line":45,"column":56}},"36":{"start":{"line":46,"column":2},"end":{"line":46,"column":72}},"37":{"start":{"line":46,"column":38},"end":{"line":46,"column":72}},"38":{"start":{"line":48,"column":2},"end":{"line":52,"column":3}},"39":{"start":{"line":49,"column":23},"end":{"line":49,"column":90}},"40":{"start":{"line":49,"column":39},"end":{"line":49,"column":89}},"41":{"start":{"line":50,"column":4},"end":{"line":51,"column":60}},"42":{"start":{"line":51,"column":6},"end":{"line":51,"column":60}},"43":{"start":{"line":53,"column":2},"end":{"line":53,"column":24}},"44":{"start":{"line":57,"column":16},"end":{"line":57,"column":49}},"45":{"start":{"line":57,"column":37},"end":{"line":57,"column":48}},"46":{"start":{"line":58,"column":2},"end":{"line":58,"column":62}},"47":{"start":{"line":58,"column":20},"end":{"line":58,"column":62}},"48":{"start":{"line":59,"column":2},"end":{"line":59,"column":25}},"49":{"start":{"line":63,"column":2},"end":{"line":63,"column":19}},"50":{"start":{"line":66,"column":0},"end":{"line":75,"column":2}}},"fnMap":{"0":{"name":"createUser","decl":{"start":{"line":4,"column":9},"end":{"line":4,"column":19}},"loc":{"start":{"line":4,"column":25},"end":{"line":14,"column":1}},"line":4},"1":{"name":"(anonymous_1)","decl":{"start":{"line":9,"column":17},"end":{"line":9,"column":18}},"loc":{"start":{"line":9,"column":22},"end":{"line":9,"column":38}},"line":9},"2":{"name":"(anonymous_2)","decl":{"start":{"line":10,"column":17},"end":{"line":10,"column":18}},"loc":{"start":{"line":10,"column":22},"end":{"line":10,"column":78}},"line":10},"3":{"name":"(anonymous_3)","decl":{"start":{"line":11,"column":17},"end":{"line":11,"column":18}},"loc":{"start":{"line":11,"column":22},"end":{"line":11,"column":72}},"line":11},"4":{"name":"logInUser","decl":{"start":{"line":16,"column":9},"end":{"line":16,"column":18}},"loc":{"start":{"line":16,"column":38},"end":{"line":21,"column":1}},"line":16},"5":{"name":"(anonymous_5)","decl":{"start":{"line":17,"column":27},"end":{"line":17,"column":28}},"loc":{"start":{"line":17,"column":32},"end":{"line":17,"column":83}},"line":17},"6":{"name":"getAllUsers","decl":{"start":{"line":23,"column":9},"end":{"line":23,"column":20}},"loc":{"start":{"line":23,"column":22},"end":{"line":25,"column":1}},"line":23},"7":{"name":"getUserById","decl":{"start":{"line":27,"column":9},"end":{"line":27,"column":20}},"loc":{"start":{"line":27,"column":24},"end":{"line":29,"column":1}},"line":27},"8":{"name":"(anonymous_8)","decl":{"start":{"line":28,"column":20},"end":{"line":28,"column":21}},"loc":{"start":{"line":28,"column":25},"end":{"line":28,"column":36}},"line":28},"9":{"name":"getUsersByName","decl":{"start":{"line":31,"column":9},"end":{"line":31,"column":23}},"loc":{"start":{"line":31,"column":29},"end":{"line":37,"column":1}},"line":31},"10":{"name":"(anonymous_10)","decl":{"start":{"line":33,"column":28},"end":{"line":33,"column":29}},"loc":{"start":{"line":33,"column":33},"end":{"line":33,"column":82}},"line":33},"11":{"name":"(anonymous_11)","decl":{"start":{"line":34,"column":25},"end":{"line":34,"column":26}},"loc":{"start":{"line":34,"column":67},"end":{"line":34,"column":86}},"line":34},"12":{"name":"updateUser","decl":{"start":{"line":39,"column":9},"end":{"line":39,"column":19}},"loc":{"start":{"line":39,"column":39},"end":{"line":54,"column":1}},"line":39},"13":{"name":"(anonymous_13)","decl":{"start":{"line":40,"column":27},"end":{"line":40,"column":28}},"loc":{"start":{"line":40,"column":32},"end":{"line":40,"column":43}},"line":40},"14":{"name":"(anonymous_14)","decl":{"start":{"line":49,"column":34},"end":{"line":49,"column":35}},"loc":{"start":{"line":49,"column":39},"end":{"line":49,"column":89}},"line":49},"15":{"name":"deleteUser","decl":{"start":{"line":56,"column":9},"end":{"line":56,"column":19}},"loc":{"start":{"line":56,"column":23},"end":{"line":60,"column":1}},"line":56},"16":{"name":"(anonymous_16)","decl":{"start":{"line":57,"column":32},"end":{"line":57,"column":33}},"loc":{"start":{"line":57,"column":37},"end":{"line":57,"column":48}},"line":57},"17":{"name":"resetUsers","decl":{"start":{"line":62,"column":9},"end":{"line":62,"column":19}},"loc":{"start":{"line":62,"column":22},"end":{"line":64,"column":1}},"line":62}},"branchMap":{"0":{"loc":{"start":{"line":5,"column":2},"end":{"line":5,"column":111}},"type":"if","locations":[{"start":{"line":5,"column":2},"end":{"line":5,"column":111}},{"start":{},"end":{}}],"line":5},"1":{"loc":{"start":{"line":5,"column":6},"end":{"line":5,"column":74}},"type":"binary-expr","locations":[{"start":{"line":5,"column":6},"end":{"line":5,"column":11}},{"start":{"line":5,"column":15},"end":{"line":5,"column":23}},{"start":{"line":5,"column":27},"end":{"line":5,"column":41}},{"start":{"line":5,"column":45},"end":{"line":5,"column":59}},{"start":{"line":5,"column":63},"end":{"line":5,"column":74}}],"line":5},"2":{"loc":{"start":{"line":7,"column":2},"end":{"line":7,"column":67}},"type":"if","locations":[{"start":{"line":7,"column":2},"end":{"line":7,"column":67}},{"start":{},"end":{}}],"line":7},"3":{"loc":{"start":{"line":9,"column":2},"end":{"line":9,"column":82}},"type":"if","locations":[{"start":{"line":9,"column":2},"end":{"line":9,"column":82}},{"start":{},"end":{}}],"line":9},"4":{"loc":{"start":{"line":10,"column":2},"end":{"line":10,"column":135}},"type":"if","locations":[{"start":{"line":10,"column":2},"end":{"line":10,"column":135}},{"start":{},"end":{}}],"line":10},"5":{"loc":{"start":{"line":11,"column":2},"end":{"line":11,"column":119}},"type":"if","locations":[{"start":{"line":11,"column":2},"end":{"line":11,"column":119}},{"start":{},"end":{}}],"line":11},"6":{"loc":{"start":{"line":18,"column":2},"end":{"line":18,"column":54}},"type":"if","locations":[{"start":{"line":18,"column":2},"end":{"line":18,"column":54}},{"start":{},"end":{}}],"line":18},"7":{"loc":{"start":{"line":19,"column":2},"end":{"line":19,"column":67}},"type":"if","locations":[{"start":{"line":19,"column":2},"end":{"line":19,"column":67}},{"start":{},"end":{}}],"line":19},"8":{"loc":{"start":{"line":41,"column":2},"end":{"line":41,"column":54}},"type":"if","locations":[{"start":{"line":41,"column":2},"end":{"line":41,"column":54}},{"start":{},"end":{}}],"line":41},"9":{"loc":{"start":{"line":43,"column":2},"end":{"line":43,"column":97}},"type":"if","locations":[{"start":{"line":43,"column":2},"end":{"line":43,"column":97}},{"start":{},"end":{}}],"line":43},"10":{"loc":{"start":{"line":43,"column":5},"end":{"line":43,"column":40}},"type":"binary-expr","locations":[{"start":{"line":43,"column":5},"end":{"line":43,"column":19}},{"start":{"line":43,"column":23},"end":{"line":43,"column":40}}],"line":43},"11":{"loc":{"start":{"line":46,"column":2},"end":{"line":46,"column":72}},"type":"if","locations":[{"start":{"line":46,"column":2},"end":{"line":46,"column":72}},{"start":{},"end":{}}],"line":46},"12":{"loc":{"start":{"line":48,"column":2},"end":{"line":52,"column":3}},"type":"if","locations":[{"start":{"line":48,"column":2},"end":{"line":52,"column":3}},{"start":{},"end":{}}],"line":48},"13":{"loc":{"start":{"line":50,"column":4},"end":{"line":51,"column":60}},"type":"if","locations":[{"start":{"line":50,"column":4},"end":{"line":51,"column":60}},{"start":{},"end":{}}],"line":50},"14":{"loc":{"start":{"line":50,"column":8},"end":{"line":50,"column":42}},"type":"binary-expr","locations":[{"start":{"line":50,"column":8},"end":{"line":50,"column":18}},{"start":{"line":50,"column":22},"end":{"line":50,"column":42}}],"line":50},"15":{"loc":{"start":{"line":58,"column":2},"end":{"line":58,"column":62}},"type":"if","locations":[{"start":{"line":58,"column":2},"end":{"line":58,"column":62}},{"start":{},"end":{}}],"line":58}},"s":{"0":1,"1":48,"2":5,"3":43,"4":1,"5":42,"6":19,"7":1,"8":41,"9":18,"10":1,"11":40,"12":17,"13":1,"14":39,"15":3,"16":2,"17":3,"18":1,"19":2,"20":1,"21":1,"22":5,"23":15,"24":20,"25":2,"26":3,"27":2,"28":2,"29":7,"30":6,"31":7,"32":1,"33":6,"34":2,"35":4,"36":4,"37":1,"38":3,"39":2,"40":3,"41":2,"42":1,"43":2,"44":2,"45":1,"46":2,"47":1,"48":1,"49":172,"50":1},"f":{"0":48,"1":19,"2":18,"3":17,"4":3,"5":2,"6":5,"7":15,"8":20,"9":2,"10":3,"11":2,"12":7,"13":6,"14":3,"15":2,"16":1,"17":172},"b":{"0":[5,43],"1":[48,48,46,45,44],"2":[1,42],"3":[1,41],"4":[1,40],"5":[1,39],"6":[1,2],"7":[1,1],"8":[1,6],"9":[2,4],"10":[6,5],"11":[1,3],"12":[2,1],"13":[1,1],"14":[2,2],"15":[1,1]},"_coverageSchema":"1a1c01bbd47fc00a2c39e90264f33305004495a9","hash":"5ee72aa4c4e57f80f305860f3d81db2f6d945fa7","contentHash":"b21bc18e86508adca19bc1eb97adcc48bab4cb666d0e379435737856d2023cf9"},"/home/brunocosta/Documents/3Semestre/TesteSoftware/n2-testes-api/src/gallery.js":{"path":"/home/brunocosta/Documents/3Semestre/TesteSoftware/n2-testes-api/src/gallery.js","statementMap":{"0":{"start":{"line":1,"column":15},"end":{"line":1,"column":17}},"1":{"start":{"line":2,"column":18},"end":{"line":2,"column":19}},"2":{"start":{"line":6,"column":2},"end":{"line":8,"column":3}},"3":{"start":{"line":7,"column":4},"end":{"line":7,"column":47}},"4":{"start":{"line":10,"column":19},"end":{"line":18,"column":3}},"5":{"start":{"line":20,"column":2},"end":{"line":20,"column":24}},"6":{"start":{"line":21,"column":2},"end":{"line":21,"column":18}},"7":{"start":{"line":26,"column":2},"end":{"line":26,"column":39}},"8":{"start":{"line":26,"column":26},"end":{"line":26,"column":37}},"9":{"start":{"line":31,"column":2},"end":{"line":31,"column":51}},"10":{"start":{"line":31,"column":28},"end":{"line":31,"column":49}},"11":{"start":{"line":36,"column":2},"end":{"line":40,"column":4}},"12":{"start":{"line":37,"column":4},"end":{"line":39,"column":26}},"13":{"start":{"line":45,"column":16},"end":{"line":45,"column":55}},"14":{"start":{"line":45,"column":38},"end":{"line":45,"column":54}},"15":{"start":{"line":46,"column":2},"end":{"line":46,"column":59}},"16":{"start":{"line":46,"column":20},"end":{"line":46,"column":59}},"17":{"start":{"line":47,"column":2},"end":{"line":47,"column":26}},"18":{"start":{"line":52,"column":16},"end":{"line":52,"column":37}},"19":{"start":{"line":53,"column":2},"end":{"line":53,"column":53}},"20":{"start":{"line":53,"column":14},"end":{"line":53,"column":53}},"21":{"start":{"line":56,"column":2},"end":{"line":58,"column":3}},"22":{"start":{"line":57,"column":4},"end":{"line":57,"column":29}},"23":{"start":{"line":59,"column":2},"end":{"line":59,"column":15}},"24":{"start":{"line":64,"column":16},"end":{"line":64,"column":37}},"25":{"start":{"line":65,"column":2},"end":{"line":65,"column":53}},"26":{"start":{"line":65,"column":14},"end":{"line":65,"column":53}},"27":{"start":{"line":67,"column":2},"end":{"line":67,"column":66}},"28":{"start":{"line":67,"column":46},"end":{"line":67,"column":64}},"29":{"start":{"line":68,"column":2},"end":{"line":68,"column":15}},"30":{"start":{"line":73,"column":2},"end":{"line":73,"column":20}},"31":{"start":{"line":74,"column":2},"end":{"line":74,"column":18}},"32":{"start":{"line":82,"column":4},"end":{"line":82,"column":31}},"33":{"start":{"line":85,"column":0},"end":{"line":95,"column":2}}},"fnMap":{"0":{"name":"uploadPhoto","decl":{"start":{"line":5,"column":9},"end":{"line":5,"column":20}},"loc":{"start":{"line":5,"column":32},"end":{"line":22,"column":1}},"line":5},"1":{"name":"getPhotoById","decl":{"start":{"line":25,"column":9},"end":{"line":25,"column":21}},"loc":{"start":{"line":25,"column":26},"end":{"line":27,"column":1}},"line":25},"2":{"name":"(anonymous_2)","decl":{"start":{"line":26,"column":21},"end":{"line":26,"column":22}},"loc":{"start":{"line":26,"column":26},"end":{"line":26,"column":37}},"line":26},"3":{"name":"getPhotosByUser","decl":{"start":{"line":30,"column":9},"end":{"line":30,"column":24}},"loc":{"start":{"line":30,"column":33},"end":{"line":32,"column":1}},"line":30},"4":{"name":"(anonymous_4)","decl":{"start":{"line":31,"column":23},"end":{"line":31,"column":24}},"loc":{"start":{"line":31,"column":28},"end":{"line":31,"column":49}},"line":31},"5":{"name":"getPhotosByRangeDate","decl":{"start":{"line":35,"column":9},"end":{"line":35,"column":29}},"loc":{"start":{"line":35,"column":58},"end":{"line":41,"column":1}},"line":35},"6":{"name":"(anonymous_6)","decl":{"start":{"line":36,"column":23},"end":{"line":36,"column":24}},"loc":{"start":{"line":37,"column":4},"end":{"line":39,"column":26}},"line":37},"7":{"name":"deletePhoto","decl":{"start":{"line":44,"column":9},"end":{"line":44,"column":20}},"loc":{"start":{"line":44,"column":30},"end":{"line":48,"column":1}},"line":44},"8":{"name":"(anonymous_8)","decl":{"start":{"line":45,"column":33},"end":{"line":45,"column":34}},"loc":{"start":{"line":45,"column":38},"end":{"line":45,"column":54}},"line":45},"9":{"name":"likePhoto","decl":{"start":{"line":51,"column":9},"end":{"line":51,"column":18}},"loc":{"start":{"line":51,"column":36},"end":{"line":60,"column":1}},"line":51},"10":{"name":"unlikePhoto","decl":{"start":{"line":63,"column":9},"end":{"line":63,"column":20}},"loc":{"start":{"line":63,"column":38},"end":{"line":69,"column":1}},"line":63},"11":{"name":"(anonymous_11)","decl":{"start":{"line":67,"column":35},"end":{"line":67,"column":36}},"loc":{"start":{"line":67,"column":46},"end":{"line":67,"column":64}},"line":67},"12":{"name":"resetPhotos","decl":{"start":{"line":72,"column":9},"end":{"line":72,"column":20}},"loc":{"start":{"line":72,"column":23},"end":{"line":75,"column":1}},"line":72},"13":{"name":"fetchPhotosFromApi","decl":{"start":{"line":79,"column":15},"end":{"line":79,"column":33}},"loc":{"start":{"line":79,"column":36},"end":{"line":83,"column":1}},"line":79}},"branchMap":{"0":{"loc":{"start":{"line":6,"column":2},"end":{"line":8,"column":3}},"type":"if","locations":[{"start":{"line":6,"column":2},"end":{"line":8,"column":3}},{"start":{},"end":{}}],"line":6},"1":{"loc":{"start":{"line":6,"column":6},"end":{"line":6,"column":88}},"type":"binary-expr","locations":[{"start":{"line":6,"column":6},"end":{"line":6,"column":16}},{"start":{"line":6,"column":20},"end":{"line":6,"column":39}},{"start":{"line":6,"column":43},"end":{"line":6,"column":65}},{"start":{"line":6,"column":69},"end":{"line":6,"column":88}}],"line":6},"2":{"loc":{"start":{"line":37,"column":4},"end":{"line":39,"column":26}},"type":"binary-expr","locations":[{"start":{"line":37,"column":4},"end":{"line":37,"column":25}},{"start":{"line":38,"column":4},"end":{"line":38,"column":28}},{"start":{"line":39,"column":4},"end":{"line":39,"column":26}}],"line":37},"3":{"loc":{"start":{"line":46,"column":2},"end":{"line":46,"column":59}},"type":"if","locations":[{"start":{"line":46,"column":2},"end":{"line":46,"column":59}},{"start":{},"end":{}}],"line":46},"4":{"loc":{"start":{"line":53,"column":2},"end":{"line":53,"column":53}},"type":"if","locations":[{"start":{"line":53,"column":2},"end":{"line":53,"column":53}},{"start":{},"end":{}}],"line":53},"5":{"loc":{"start":{"line":56,"column":2},"end":{"line":58,"column":3}},"type":"if","locations":[{"start":{"line":56,"column":2},"end":{"line":58,"column":3}},{"start":{},"end":{}}],"line":56},"6":{"loc":{"start":{"line":65,"column":2},"end":{"line":65,"column":53}},"type":"if","locations":[{"start":{"line":65,"column":2},"end":{"line":65,"column":53}},{"start":{},"end":{}}],"line":65}},"s":{"0":1,"1":1,"2":26,"3":1,"4":25,"5":25,"6":25,"7":23,"8":22,"9":2,"10":2,"11":2,"12":2,"13":3,"14":2,"15":3,"16":1,"17":2,"18":6,"19":6,"20":1,"21":5,"22":4,"23":5,"24":2,"25":2,"26":0,"27":2,"28":1,"29":2,"30":32,"31":32,"32":0,"33":1},"f":{"0":26,"1":23,"2":22,"3":2,"4":2,"5":2,"6":2,"7":3,"8":2,"9":6,"10":2,"11":1,"12":32,"13":0},"b":{"0":[1,25],"1":[26,26,25,25],"2":[2,2,1],"3":[1,2],"4":[1,5],"5":[4,1],"6":[0,2]},"_coverageSchema":"1a1c01bbd47fc00a2c39e90264f33305004495a9","hash":"56f6dc612230b72513348f69dbc704f0c0977b04","contentHash":"6081d48b25713c8e6bf6911af763336dd795e8890ea654925ba0d5bc6032e6ce"},"/home/brunocosta/Documents/3Semestre/TesteSoftware/n2-testes-api/src/post.js":{"path":"/home/brunocosta/Documents/3Semestre/TesteSoftware/n2-testes-api/src/post.js","statementMap":{"0":{"start":{"line":1,"column":16},"end":{"line":1,"column":36}},"1":{"start":{"line":4,"column":4},"end":{"line":4,"column":116}},"2":{"start":{"line":4,"column":52},"end":{"line":4,"column":116}},"3":{"start":{"line":5,"column":4},"end":{"line":5,"column":95}},"4":{"start":{"line":5,"column":52},"end":{"line":5,"column":95}},"5":{"start":{"line":6,"column":4},"end":{"line":6,"column":109}},"6":{"start":{"line":6,"column":60},"end":{"line":6,"column":109}},"7":{"start":{"line":7,"column":17},"end":{"line":7,"column":44}},"8":{"start":{"line":8,"column":4},"end":{"line":8,"column":56}},"9":{"start":{"line":8,"column":14},"end":{"line":8,"column":56}},"10":{"start":{"line":9,"column":4},"end":{"line":9,"column":26}},"11":{"start":{"line":13,"column":17},"end":{"line":13,"column":44}},"12":{"start":{"line":14,"column":4},"end":{"line":14,"column":97}},"13":{"start":{"line":14,"column":57},"end":{"line":14,"column":97}},"14":{"start":{"line":15,"column":4},"end":{"line":15,"column":32}},"15":{"start":{"line":19,"column":17},"end":{"line":19,"column":44}},"16":{"start":{"line":20,"column":4},"end":{"line":20,"column":23}},"17":{"start":{"line":20,"column":14},"end":{"line":20,"column":23}},"18":{"start":{"line":21,"column":4},"end":{"line":21,"column":26}},"19":{"start":{"line":25,"column":17},"end":{"line":25,"column":44}},"20":{"start":{"line":26,"column":4},"end":{"line":26,"column":23}},"21":{"start":{"line":26,"column":14},"end":{"line":26,"column":23}},"22":{"start":{"line":27,"column":4},"end":{"line":27,"column":65}},"23":{"start":{"line":27,"column":37},"end":{"line":27,"column":63}},"24":{"start":{"line":31,"column":4},"end":{"line":34,"column":7}},"25":{"start":{"line":32,"column":8},"end":{"line":33,"column":32}},"26":{"start":{"line":38,"column":4},"end":{"line":38,"column":60}},"27":{"start":{"line":38,"column":32},"end":{"line":38,"column":58}},"28":{"start":{"line":41,"column":0},"end":{"line":48,"column":1}}},"fnMap":{"0":{"name":"createPost","decl":{"start":{"line":3,"column":9},"end":{"line":3,"column":19}},"loc":{"start":{"line":3,"column":33},"end":{"line":10,"column":1}},"line":3},"1":{"name":"removePost","decl":{"start":{"line":12,"column":9},"end":{"line":12,"column":19}},"loc":{"start":{"line":12,"column":34},"end":{"line":16,"column":1}},"line":12},"2":{"name":"searchPosts","decl":{"start":{"line":18,"column":9},"end":{"line":18,"column":20}},"loc":{"start":{"line":18,"column":28},"end":{"line":22,"column":1}},"line":18},"3":{"name":"searchPostCategory","decl":{"start":{"line":24,"column":9},"end":{"line":24,"column":27}},"loc":{"start":{"line":24,"column":45},"end":{"line":28,"column":1}},"line":24},"4":{"name":"(anonymous_4)","decl":{"start":{"line":27,"column":29},"end":{"line":27,"column":30}},"loc":{"start":{"line":27,"column":37},"end":{"line":27,"column":63}},"line":27},"5":{"name":"searchPostDate","decl":{"start":{"line":30,"column":9},"end":{"line":30,"column":23}},"loc":{"start":{"line":30,"column":43},"end":{"line":35,"column":1}},"line":30},"6":{"name":"(anonymous_6)","decl":{"start":{"line":31,"column":24},"end":{"line":31,"column":25}},"loc":{"start":{"line":31,"column":31},"end":{"line":34,"column":5}},"line":31},"7":{"name":"searchAllPostCategory","decl":{"start":{"line":37,"column":9},"end":{"line":37,"column":30}},"loc":{"start":{"line":37,"column":40},"end":{"line":39,"column":1}},"line":37},"8":{"name":"(anonymous_8)","decl":{"start":{"line":38,"column":24},"end":{"line":38,"column":25}},"loc":{"start":{"line":38,"column":32},"end":{"line":38,"column":58}},"line":38}},"branchMap":{"0":{"loc":{"start":{"line":4,"column":4},"end":{"line":4,"column":116}},"type":"if","locations":[{"start":{"line":4,"column":4},"end":{"line":4,"column":116}},{"start":{},"end":{}}],"line":4},"1":{"loc":{"start":{"line":4,"column":7},"end":{"line":4,"column":50}},"type":"binary-expr","locations":[{"start":{"line":4,"column":7},"end":{"line":4,"column":17}},{"start":{"line":4,"column":21},"end":{"line":4,"column":50}}],"line":4},"2":{"loc":{"start":{"line":5,"column":4},"end":{"line":5,"column":95}},"type":"if","locations":[{"start":{"line":5,"column":4},"end":{"line":5,"column":95}},{"start":{},"end":{}}],"line":5},"3":{"loc":{"start":{"line":5,"column":7},"end":{"line":5,"column":50}},"type":"binary-expr","locations":[{"start":{"line":5,"column":7},"end":{"line":5,"column":17}},{"start":{"line":5,"column":21},"end":{"line":5,"column":50}}],"line":5},"4":{"loc":{"start":{"line":6,"column":4},"end":{"line":6,"column":109}},"type":"if","locations":[{"start":{"line":6,"column":4},"end":{"line":6,"column":109}},{"start":{},"end":{}}],"line":6},"5":{"loc":{"start":{"line":6,"column":7},"end":{"line":6,"column":58}},"type":"binary-expr","locations":[{"start":{"line":6,"column":7},"end":{"line":6,"column":21}},{"start":{"line":6,"column":25},"end":{"line":6,"column":58}}],"line":6},"6":{"loc":{"start":{"line":8,"column":4},"end":{"line":8,"column":56}},"type":"if","locations":[{"start":{"line":8,"column":4},"end":{"line":8,"column":56}},{"start":{},"end":{}}],"line":8},"7":{"loc":{"start":{"line":14,"column":4},"end":{"line":14,"column":97}},"type":"if","locations":[{"start":{"line":14,"column":4},"end":{"line":14,"column":97}},{"start":{},"end":{}}],"line":14},"8":{"loc":{"start":{"line":14,"column":7},"end":{"line":14,"column":55}},"type":"binary-expr","locations":[{"start":{"line":14,"column":7},"end":{"line":14,"column":12}},{"start":{"line":14,"column":16},"end":{"line":14,"column":25}},{"start":{"line":14,"column":29},"end":{"line":14,"column":55}}],"line":14},"9":{"loc":{"start":{"line":20,"column":4},"end":{"line":20,"column":23}},"type":"if","locations":[{"start":{"line":20,"column":4},"end":{"line":20,"column":23}},{"start":{},"end":{}}],"line":20},"10":{"loc":{"start":{"line":26,"column":4},"end":{"line":26,"column":23}},"type":"if","locations":[{"start":{"line":26,"column":4},"end":{"line":26,"column":23}},{"start":{},"end":{}}],"line":26},"11":{"loc":{"start":{"line":32,"column":8},"end":{"line":33,"column":32}},"type":"binary-expr","locations":[{"start":{"line":32,"column":8},"end":{"line":32,"column":34}},{"start":{"line":33,"column":8},"end":{"line":33,"column":32}}],"line":32}},"s":{"0":1,"1":5,"2":1,"3":4,"4":1,"5":3,"6":1,"7":2,"8":2,"9":1,"10":1,"11":0,"12":0,"13":0,"14":0,"15":1,"16":1,"17":0,"18":1,"19":0,"20":0,"21":0,"22":0,"23":0,"24":0,"25":0,"26":0,"27":0,"28":1},"f":{"0":5,"1":0,"2":1,"3":0,"4":0,"5":0,"6":0,"7":0,"8":0},"b":{"0":[1,4],"1":[5,4],"2":[1,3],"3":[4,3],"4":[1,2],"5":[3,2],"6":[1,1],"7":[0,0],"8":[0,0,0],"9":[0,1],"10":[0,0],"11":[0,0]},"_coverageSchema":"1a1c01bbd47fc00a2c39e90264f33305004495a9","hash":"831f562ee4279e426f4806c5082a5873f6a1c958","contentHash":"68cfdad8e948924c20657252542566669a8cd81e97ad0d5431c136698b202e40"}}