TN:
SF:src\comments.js
FN:10,criarComentario
FN:38,listarComentariosPorFoto
FN:47,deletarComentario
FN:51,(anonymous_3)
FN:58,resetarComentarios
FNF:5
FNH:5
FNDA:7,criarComentario
FNDA:2,listarComentariosPorFoto
FNDA:2,deletarComentario
FNDA:1,(anonymous_3)
FNDA:8,resetarComentarios
DA:3,1
DA:4,1
DA:6,1
DA:7,1
DA:11,7
DA:12,1
DA:15,6
DA:16,6
DA:18,5
DA:19,5
DA:21,4
DA:29,4
DA:30,4
DA:32,4
DA:39,2
DA:40,2
DA:41,1
DA:48,2
DA:49,2
DA:51,2
DA:52,2
DA:54,1
DA:55,1
DA:59,8
DA:60,8
DA:63,1
LF:26
LH:26
BRDA:11,0,0,1
BRDA:11,0,1,6
BRDA:11,1,0,7
BRDA:11,1,1,6
BRDA:11,1,2,6
BRDA:11,1,3,6
BRDA:16,2,0,1
BRDA:16,2,1,5
BRDA:19,3,0,1
BRDA:19,3,1,4
BRDA:40,4,0,1
BRDA:40,4,1,1
BRDA:49,5,0,0
BRDA:49,5,1,2
BRDA:52,6,0,1
BRDA:52,6,1,1
BRF:16
BRH:15
end_of_record
TN:
SF:src\gallery.js
FN:5,uploadPhoto
FN:25,getPhotoById
FN:26,(anonymous_2)
FN:30,getPhotosByUser
FN:31,(anonymous_4)
FN:35,getPhotosByRangeDate
FN:36,(anonymous_6)
FN:44,deletePhoto
FN:45,(anonymous_8)
FN:51,likePhoto
FN:63,unlikePhoto
FN:67,(anonymous_11)
FN:72,resetPhotos
FN:79,fetchPhotosFromApi
FNF:14
FNH:13
FNDA:25,uploadPhoto
FNDA:22,getPhotoById
FNDA:21,(anonymous_2)
FNDA:2,getPhotosByUser
FNDA:2,(anonymous_4)
FNDA:2,getPhotosByRangeDate
FNDA:2,(anonymous_6)
FNDA:3,deletePhoto
FNDA:2,(anonymous_8)
FNDA:6,likePhoto
FNDA:2,unlikePhoto
FNDA:1,(anonymous_11)
FNDA:31,resetPhotos
FNDA:0,fetchPhotosFromApi
DA:1,1
DA:2,1
DA:6,25
DA:7,1
DA:10,24
DA:20,24
DA:21,24
DA:26,22
DA:31,2
DA:36,2
DA:37,2
DA:45,3
DA:46,3
DA:47,2
DA:52,6
DA:53,6
DA:56,5
DA:57,4
DA:59,5
DA:64,2
DA:65,2
DA:67,2
DA:68,2
DA:73,31
DA:74,31
DA:82,0
DA:85,1
LF:27
LH:26
BRDA:6,0,0,1
BRDA:6,0,1,24
BRDA:6,1,0,25
BRDA:6,1,1,25
BRDA:6,1,2,24
BRDA:6,1,3,24
BRDA:37,2,0,2
BRDA:37,2,1,2
BRDA:37,2,2,1
BRDA:46,3,0,1
BRDA:46,3,1,2
BRDA:53,4,0,1
BRDA:53,4,1,5
BRDA:56,5,0,4
BRDA:56,5,1,1
BRDA:65,6,0,0
BRDA:65,6,1,2
BRF:17
BRH:16
end_of_record
TN:
SF:src\post.js
FN:3,createPost
FN:24,(anonymous_1)
FN:29,removePost
FN:35,searchPosts
FN:42,searchPostCategory
FN:46,(anonymous_5)
FN:49,searchPostID
FN:53,(anonymous_7)
FN:56,getPostsByRangeDate
FN:66,(anonymous_9)
FNF:10
FNH:10
FNDA:33,createPost
FNDA:13,(anonymous_1)
FNDA:4,removePost
FNDA:5,searchPosts
FNDA:2,searchPostCategory
FNDA:2,(anonymous_5)
FNDA:4,searchPostID
FNDA:3,(anonymous_7)
FNDA:3,getPostsByRangeDate
FNDA:4,(anonymous_9)
DA:1,1
DA:4,33
DA:5,2
DA:7,31
DA:8,4
DA:10,27
DA:11,2
DA:13,25
DA:14,2
DA:16,23
DA:17,2
DA:19,21
DA:21,21
DA:22,21
DA:24,20
DA:26,19
DA:30,4
DA:31,4
DA:32,1
DA:36,5
DA:37,5
DA:39,4
DA:43,2
DA:44,2
DA:46,2
DA:50,4
DA:51,4
DA:53,3
DA:57,3
DA:58,3
DA:60,2
DA:61,2
DA:63,2
DA:64,1
DA:66,1
DA:67,4
DA:68,4
DA:72,1
LF:38
LH:38
BRDA:4,0,0,2
BRDA:4,0,1,31
BRDA:7,1,0,4
BRDA:7,1,1,27
BRDA:7,2,0,31
BRDA:7,2,1,28
BRDA:7,2,2,27
BRDA:7,2,3,27
BRDA:10,3,0,2
BRDA:10,3,1,25
BRDA:10,4,0,27
BRDA:10,4,1,26
BRDA:13,5,0,2
BRDA:13,5,1,23
BRDA:13,6,0,25
BRDA:13,6,1,24
BRDA:16,7,0,2
BRDA:16,7,1,21
BRDA:19,8,0,20
BRDA:19,8,1,1
BRDA:22,9,0,1
BRDA:22,9,1,20
BRDA:24,10,0,1
BRDA:24,10,1,19
BRDA:31,11,0,3
BRDA:31,11,1,1
BRDA:31,12,0,4
BRDA:31,12,1,3
BRDA:31,12,2,2
BRDA:37,13,0,1
BRDA:37,13,1,4
BRDA:44,14,0,1
BRDA:44,14,1,1
BRDA:51,15,0,1
BRDA:51,15,1,3
BRDA:58,16,0,1
BRDA:58,16,1,2
BRDA:63,17,0,1
BRDA:63,17,1,1
BRDA:68,18,0,4
BRDA:68,18,1,4
BRF:41
BRH:41
end_of_record
TN:
SF:src\user.js
FN:4,createUser
FN:9,(anonymous_1)
FN:10,(anonymous_2)
FN:11,(anonymous_3)
FN:16,logInUser
FN:17,(anonymous_5)
FN:23,getAllUsers
FN:27,getUserById
FN:28,(anonymous_8)
FN:31,getUsersByName
FN:33,(anonymous_10)
FN:34,(anonymous_11)
FN:39,updateUser
FN:40,(anonymous_13)
FN:49,(anonymous_14)
FN:56,deleteUser
FN:57,(anonymous_16)
FN:62,resetUsers
FNF:18
FNH:18
FNDA:64,createUser
FNDA:18,(anonymous_1)
FNDA:17,(anonymous_2)
FNDA:16,(anonymous_3)
FNDA:3,logInUser
FNDA:2,(anonymous_5)
FNDA:5,getAllUsers
FNDA:50,getUserById
FNDA:50,(anonymous_8)
FNDA:2,getUsersByName
FNDA:3,(anonymous_10)
FNDA:2,(anonymous_11)
FNDA:7,updateUser
FNDA:6,(anonymous_13)
FNDA:3,(anonymous_14)
FNDA:2,deleteUser
FNDA:1,(anonymous_16)
FNDA:219,resetUsers
DA:1,1
DA:5,64
DA:7,59
DA:9,58
DA:10,57
DA:11,56
DA:13,55
DA:17,3
DA:18,3
DA:19,2
DA:20,1
DA:24,5
DA:28,50
DA:32,2
DA:33,3
DA:34,2
DA:36,2
DA:40,7
DA:41,7
DA:43,6
DA:45,4
DA:46,4
DA:48,3
DA:49,3
DA:50,2
DA:51,1
DA:53,2
DA:57,2
DA:58,2
DA:59,1
DA:63,219
DA:66,1
LF:32
LH:32
BRDA:5,0,0,5
BRDA:5,0,1,59
BRDA:5,1,0,64
BRDA:5,1,1,64
BRDA:5,1,2,62
BRDA:5,1,3,61
BRDA:5,1,4,60
BRDA:7,2,0,1
BRDA:7,2,1,58
BRDA:9,3,0,1
BRDA:9,3,1,57
BRDA:10,4,0,1
BRDA:10,4,1,56
BRDA:11,5,0,1
BRDA:11,5,1,55
BRDA:18,6,0,1
BRDA:18,6,1,2
BRDA:19,7,0,1
BRDA:19,7,1,1
BRDA:41,8,0,1
BRDA:41,8,1,6
BRDA:43,9,0,2
BRDA:43,9,1,4
BRDA:43,10,0,6
BRDA:43,10,1,5
BRDA:46,11,0,1
BRDA:46,11,1,3
BRDA:48,12,0,2
BRDA:48,12,1,1
BRDA:50,13,0,1
BRDA:50,13,1,1
BRDA:50,14,0,2
BRDA:50,14,1,2
BRDA:58,15,0,1
BRDA:58,15,1,1
BRF:35
BRH:35
end_of_record
